Traceback (most recent call last):
  File "/opt/anaconda3/envs/JB/lib/python3.11/site-packages/jupyter_cache/executors/utils.py", line 58, in single_nb_execution
    executenb(
  File "/opt/anaconda3/envs/JB/lib/python3.11/site-packages/nbclient/client.py", line 1305, in execute
    return NotebookClient(nb=nb, resources=resources, km=km, **kwargs).execute()
           ^^^^^^^^^^^^^^^^^^^^^^^^^^^^^^^^^^^^^^^^^^^^^^^^^^^^^^^^^^^^^^^^^^^^^
  File "/opt/anaconda3/envs/JB/lib/python3.11/site-packages/jupyter_core/utils/__init__.py", line 165, in wrapped
    return loop.run_until_complete(inner)
           ^^^^^^^^^^^^^^^^^^^^^^^^^^^^^^
  File "/opt/anaconda3/envs/JB/lib/python3.11/asyncio/base_events.py", line 654, in run_until_complete
    return future.result()
           ^^^^^^^^^^^^^^^
  File "/opt/anaconda3/envs/JB/lib/python3.11/site-packages/nbclient/client.py", line 705, in async_execute
    await self.async_execute_cell(
  File "/opt/anaconda3/envs/JB/lib/python3.11/site-packages/nbclient/client.py", line 1058, in async_execute_cell
    await self._check_raise_for_error(cell, cell_index, exec_reply)
  File "/opt/anaconda3/envs/JB/lib/python3.11/site-packages/nbclient/client.py", line 914, in _check_raise_for_error
    raise CellExecutionError.from_cell_and_msg(cell, exec_reply_content)
nbclient.exceptions.CellExecutionError: An error occurred while executing the following cell:
------------------
#################################################################################
# load standard 1976 atmosphere used for illustration
##################################################################################

Stand_atm=np.loadtxt('Standard_1976_atmo.txt')

# Extract the columns
Z = Stand_atm[:,0]       # Total Reporting Altitudes [0<=alt<=1000 km] [km]
T = Stand_atm[:, 1]       # Temperature array [0<=alt<=1000 km] [K]
P = Stand_atm[:, 2]       # Pressure array [0<=alt<=1000 km] [Pa]
rho = Stand_atm[:, 3]     # Density array [0<=alt<=1000 km] [kg/m^3]
print(np.size(T))

# Convert pressure to hPa
P = 0.01 * P

# Compute the reciprocal temperature in [1/K].
Tr = 300.0 / T

# Compute saturation vapor pressure in [hPa].
esat = 2.408e11 * Tr**5.0 * np.exp(-22.644 * Tr)

# Partial pressure of the water vapor
# We assume a constant 50% relative humidity versus altitude
rh = 50 * np.ones(len(Z))  # rh is relative humidity
e = esat * rh / 100

# Partial pressure of dry air
pd = P - e

# Compute dry air density in [kg/m^3].
# Recall pd is dry air pressure in [hPa].
Rd = 287.0
rho = pd * 100 / (Rd * Tr)

# The cloud liquid water is assumed to be concentrated at a single altitude,
# and to have the temperature of the air at that altitude
# cloud liquid water density (usually called Liquid Water Content LWC)
clw = np.zeros(len(Z))
clw[10] = 1e-4  # m

# Compute density of cloud water in [kg/m^3].
# clw is assumed to be cloud water mixing ratio, which is
# defined as (mass of water) / (mass of dry air), and it has units of [kg/kg].
rho_water = rho * clw

# Separate into liquid and ice.
rho_ice = rho_water.copy()
ind = np.where(T < 273.15)[0]
rho_water[ind] = 0.0
ind = np.where(T >= 273.15)[0]
rho_ice[ind] = 0.0

# Plot T, P, rho as a function of Z for the 1976 U.S. Standard Atmosphere
plt.figure(1, figsize=(15, 5))

plt.subplot(131)
plt.plot(T, Z, '-', linewidth=2)
plt.xlabel('Atmospheric Temperature $T_p$ [K]', fontsize=18)
plt.ylabel('Height above Sea Level [km]', fontsize=18)
plt.grid(True)
plt.tick_params(labelsize=15)

plt.subplot(132)
plt.plot(P, Z, '-', linewidth=2)
plt.xlabel('Atmospheric Pressure [hPa]', fontsize=18)
plt.ylabel('Height above Sea Level [km]', fontsize=18)
plt.grid(True)
plt.tick_params(labelsize=15)

plt.subplot(133)
plt.plot(rho, Z, '-', linewidth=2)
plt.xlabel('Atmospheric Density [$kg/m^3$]', fontsize=18)
plt.ylabel('Height above Sea Level [km]', fontsize=18)
plt.grid(True)
plt.tick_params(labelsize=15)

plt.suptitle('1976 U.S. Standard Atmosphere', fontsize=25)
plt.tight_layout()
plt.show()

------------------


[0;31m---------------------------------------------------------------------------[0m
[0;31mFileNotFoundError[0m                         Traceback (most recent call last)
Cell [0;32mIn[30], line 5[0m
[1;32m      1[0m [38;5;66;03m#################################################################################[39;00m
[1;32m      2[0m [38;5;66;03m# load standard 1976 atmosphere used for illustration[39;00m
[1;32m      3[0m [38;5;66;03m##################################################################################[39;00m
[0;32m----> 5[0m Stand_atm[38;5;241m=[39mnp[38;5;241m.[39mloadtxt([38;5;124m'[39m[38;5;124mStandard_1976_atmo.txt[39m[38;5;124m'[39m)
[1;32m      7[0m [38;5;66;03m# Extract the columns[39;00m
[1;32m      8[0m Z [38;5;241m=[39m Stand_atm[:,[38;5;241m0[39m]       [38;5;66;03m# Total Reporting Altitudes [0<=alt<=1000 km] [km][39;00m

File [0;32m/opt/anaconda3/envs/JB/lib/python3.11/site-packages/numpy/lib/_npyio_impl.py:1395[0m, in [0;36mloadtxt[0;34m(fname, dtype, comments, delimiter, converters, skiprows, usecols, unpack, ndmin, encoding, max_rows, quotechar, like)[0m
[1;32m   1392[0m [38;5;28;01mif[39;00m [38;5;28misinstance[39m(delimiter, [38;5;28mbytes[39m):
[1;32m   1393[0m     delimiter [38;5;241m=[39m delimiter[38;5;241m.[39mdecode([38;5;124m'[39m[38;5;124mlatin1[39m[38;5;124m'[39m)
[0;32m-> 1395[0m arr [38;5;241m=[39m _read(fname, dtype[38;5;241m=[39mdtype, comment[38;5;241m=[39mcomment, delimiter[38;5;241m=[39mdelimiter,
[1;32m   1396[0m             converters[38;5;241m=[39mconverters, skiplines[38;5;241m=[39mskiprows, usecols[38;5;241m=[39musecols,
[1;32m   1397[0m             unpack[38;5;241m=[39munpack, ndmin[38;5;241m=[39mndmin, encoding[38;5;241m=[39mencoding,
[1;32m   1398[0m             max_rows[38;5;241m=[39mmax_rows, quote[38;5;241m=[39mquotechar)
[1;32m   1400[0m [38;5;28;01mreturn[39;00m arr

File [0;32m/opt/anaconda3/envs/JB/lib/python3.11/site-packages/numpy/lib/_npyio_impl.py:1022[0m, in [0;36m_read[0;34m(fname, delimiter, comment, quote, imaginary_unit, usecols, skiplines, max_rows, converters, ndmin, unpack, dtype, encoding)[0m
[1;32m   1020[0m     fname [38;5;241m=[39m os[38;5;241m.[39mfspath(fname)
[1;32m   1021[0m [38;5;28;01mif[39;00m [38;5;28misinstance[39m(fname, [38;5;28mstr[39m):
[0;32m-> 1022[0m     fh [38;5;241m=[39m np[38;5;241m.[39mlib[38;5;241m.[39m_datasource[38;5;241m.[39mopen(fname, [38;5;124m'[39m[38;5;124mrt[39m[38;5;124m'[39m, encoding[38;5;241m=[39mencoding)
[1;32m   1023[0m     [38;5;28;01mif[39;00m encoding [38;5;129;01mis[39;00m [38;5;28;01mNone[39;00m:
[1;32m   1024[0m         encoding [38;5;241m=[39m [38;5;28mgetattr[39m(fh, [38;5;124m'[39m[38;5;124mencoding[39m[38;5;124m'[39m, [38;5;124m'[39m[38;5;124mlatin1[39m[38;5;124m'[39m)

File [0;32m/opt/anaconda3/envs/JB/lib/python3.11/site-packages/numpy/lib/_datasource.py:192[0m, in [0;36mopen[0;34m(path, mode, destpath, encoding, newline)[0m
[1;32m    155[0m [38;5;250m[39m[38;5;124;03m"""[39;00m
[1;32m    156[0m [38;5;124;03mOpen `path` with `mode` and return the file object.[39;00m
[1;32m    157[0m 
[0;32m   (...)[0m
[1;32m    188[0m 
[1;32m    189[0m [38;5;124;03m"""[39;00m
[1;32m    191[0m ds [38;5;241m=[39m DataSource(destpath)
[0;32m--> 192[0m [38;5;28;01mreturn[39;00m ds[38;5;241m.[39mopen(path, mode, encoding[38;5;241m=[39mencoding, newline[38;5;241m=[39mnewline)

File [0;32m/opt/anaconda3/envs/JB/lib/python3.11/site-packages/numpy/lib/_datasource.py:529[0m, in [0;36mDataSource.open[0;34m(self, path, mode, encoding, newline)[0m
[1;32m    526[0m     [38;5;28;01mreturn[39;00m _file_openers[ext](found, mode[38;5;241m=[39mmode,
[1;32m    527[0m                               encoding[38;5;241m=[39mencoding, newline[38;5;241m=[39mnewline)
[1;32m    528[0m [38;5;28;01melse[39;00m:
[0;32m--> 529[0m     [38;5;28;01mraise[39;00m [38;5;167;01mFileNotFoundError[39;00m([38;5;124mf[39m[38;5;124m"[39m[38;5;132;01m{[39;00mpath[38;5;132;01m}[39;00m[38;5;124m not found.[39m[38;5;124m"[39m)

[0;31mFileNotFoundError[0m: Standard_1976_atmo.txt not found.

